c:\users\marco\source\repos\animals zoo\lab9\x64\debug\vc143.pdb
c:\users\marco\source\repos\animals zoo\lab9\x64\debug\vc143.idb
c:\users\marco\source\repos\animals zoo\lab9\x64\debug\vbo.obj
c:\users\marco\source\repos\animals zoo\lab9\x64\debug\vao.obj
c:\users\marco\source\repos\animals zoo\lab9\x64\debug\texture.obj
c:\users\marco\source\repos\animals zoo\lab9\x64\debug\stb.obj
c:\users\marco\source\repos\animals zoo\lab9\x64\debug\collision.obj
c:\users\marco\source\repos\animals zoo\lab9\x64\debug\proximitysoundsystem.obj
c:\users\marco\source\repos\animals zoo\lab9\x64\debug\shaderclass.obj
c:\users\marco\source\repos\animals zoo\lab9\x64\debug\model.obj
c:\users\marco\source\repos\animals zoo\lab9\x64\debug\mesh.obj
c:\users\marco\source\repos\animals zoo\lab9\x64\debug\main.obj
c:\users\marco\source\repos\animals zoo\lab9\x64\debug\ebo.obj
c:\users\marco\source\repos\animals zoo\lab9\x64\debug\glad.obj
c:\users\marco\source\repos\animals zoo\lab9\x64\debug\camera.obj
c:\users\marco\source\repos\animals zoo\x64\debug\lab9.exe
c:\users\marco\source\repos\animals zoo\x64\debug\lab9.pdb
c:\users\marco\source\repos\animals zoo\lab9\x64\debug\lab9.ilk
c:\users\marco\source\repos\animals zoo\lab9\x64\debug\lab9.tlog\cl.command.1.tlog
c:\users\marco\source\repos\animals zoo\lab9\x64\debug\lab9.tlog\cl.items.tlog
c:\users\marco\source\repos\animals zoo\lab9\x64\debug\lab9.tlog\cl.read.1.tlog
c:\users\marco\source\repos\animals zoo\lab9\x64\debug\lab9.tlog\cl.write.1.tlog
c:\users\marco\source\repos\animals zoo\lab9\x64\debug\lab9.tlog\link.command.1.tlog
c:\users\marco\source\repos\animals zoo\lab9\x64\debug\lab9.tlog\link.read.1.tlog
c:\users\marco\source\repos\animals zoo\lab9\x64\debug\lab9.tlog\link.secondary.1.tlog
c:\users\marco\source\repos\animals zoo\lab9\x64\debug\lab9.tlog\link.write.1.tlog
